0 info it worked if it ends with ok
1 verbose cli [ 'D:\\Program Files\\node.exe',
1 verbose cli   'D:\\Program Files\\node_modules\\npm\\bin\\npm-cli.js',
1 verbose cli   'start' ]
2 info using npm@3.10.10
3 info using node@v6.10.1
4 verbose run-script [ 'prestart', 'start', 'poststart' ]
5 info lifecycle hadoop@0.0.0~prestart: hadoop@0.0.0
6 silly lifecycle hadoop@0.0.0~prestart: no script for prestart, continuing
7 info lifecycle hadoop@0.0.0~start: hadoop@0.0.0
8 verbose lifecycle hadoop@0.0.0~start: unsafe-perm in lifecycle true
9 verbose lifecycle hadoop@0.0.0~start: PATH: D:\Program Files\node_modules\npm\bin\node-gyp-bin;D:\code\hadoop\node_modules\.bin;C:\ProgramData\Oracle\Java\javapath;C:\Program Files (x86)\NVIDIA Corporation\PhysX\Common;C:\WINDOWS\system32;C:\WINDOWS;C:\WINDOWS\System32\Wbem;C:\WINDOWS\System32\WindowsPowerShell\v1.0\;C:\Program Files\Java\jdk1.8.0_77\bin;%QUARTUS_ROOTDIR%\bin;%QESS_ROOTDIR%\bin;C:\Program Files\MySQL\MySQL Server 5.5\bin;D:\Program Files\CodeBlocks\TDM-GCC-64\bin;D:\Program Files\CodeBlocks\TDM-GCC-32\bin;D:\Program Files (x86)\phantomjs\bin;D:\Program Files\python;D:\Program Files\python\Scripts;D:\Program Files\;D:\Program Files\apache-tomcat-8.0.43-windows-x64\apache-tomcat-8.0.43\bin;D:\Program Files\apache-tomcat-8.0.43-windows-x64\apache-tomcat-8.0.43\lib;D:\Program Files\TortoiseSVN\bin;D:\Program Files\Git\cmd;C:\Program Files (x86)\Microsoft VS Code\bin;D:\Program Files\SSH Secure Shell;C:\Program Files (x86)\SSH Communications Security\SSH Secure Shell;C:\Users\samsung\AppData\Roaming\npm;C:\Users\samsung\AppData\Local\Microsoft\WindowsApps;
10 verbose lifecycle hadoop@0.0.0~start: CWD: D:\code\hadoop
11 silly lifecycle hadoop@0.0.0~start: Args: [ '/d /s /c', 'nodemon ./bin/www' ]
12 silly lifecycle hadoop@0.0.0~start: Returned: code: 3221225786  signal: null
13 info lifecycle hadoop@0.0.0~start: Failed to exec start script
14 verbose stack Error: hadoop@0.0.0 start: `nodemon ./bin/www`
14 verbose stack Exit status 3221225786
14 verbose stack     at EventEmitter.<anonymous> (D:\Program Files\node_modules\npm\lib\utils\lifecycle.js:255:16)
14 verbose stack     at emitTwo (events.js:106:13)
14 verbose stack     at EventEmitter.emit (events.js:191:7)
14 verbose stack     at ChildProcess.<anonymous> (D:\Program Files\node_modules\npm\lib\utils\spawn.js:40:14)
14 verbose stack     at emitTwo (events.js:106:13)
14 verbose stack     at ChildProcess.emit (events.js:191:7)
14 verbose stack     at maybeClose (internal/child_process.js:886:16)
14 verbose stack     at Process.ChildProcess._handle.onexit (internal/child_process.js:226:5)
15 verbose pkgid hadoop@0.0.0
16 verbose cwd D:\code\hadoop
17 error Windows_NT 10.0.14393
18 error argv "D:\\Program Files\\node.exe" "D:\\Program Files\\node_modules\\npm\\bin\\npm-cli.js" "start"
19 error node v6.10.1
20 error npm  v3.10.10
21 error code ELIFECYCLE
22 error hadoop@0.0.0 start: `nodemon ./bin/www`
22 error Exit status 3221225786
23 error Failed at the hadoop@0.0.0 start script 'nodemon ./bin/www'.
23 error Make sure you have the latest version of node.js and npm installed.
23 error If you do, this is most likely a problem with the hadoop package,
23 error not with npm itself.
23 error Tell the author that this fails on your system:
23 error     nodemon ./bin/www
23 error You can get information on how to open an issue for this project with:
23 error     npm bugs hadoop
23 error Or if that isn't available, you can get their info via:
23 error     npm owner ls hadoop
23 error There is likely additional logging output above.
24 verbose exit [ 1, true ]
